2025-03-11 13:38:06,597:DEBUG:certbot._internal.main:certbot version: 2.10.0
2025-03-11 13:38:06,597:DEBUG:certbot._internal.main:Location of certbot entry point: /usr/bin/certbot
2025-03-11 13:38:06,597:DEBUG:certbot._internal.main:Arguments: ['--non-interactive', '--agree-tos', '--email', 'admin@braisenly.com', '--webroot', '-w', '/var/www/certbot', '-d', 'braisenly.com', '-d', 'lukezautke.com']
2025-03-11 13:38:06,597:DEBUG:certbot._internal.main:Discovered plugins: PluginsRegistry(PluginEntryPoint#manual,PluginEntryPoint#nginx,PluginEntryPoint#null,PluginEntryPoint#standalone,PluginEntryPoint#webroot)
2025-03-11 13:38:06,610:DEBUG:certbot._internal.log:Root logging level set at 30
2025-03-11 13:38:06,610:DEBUG:certbot._internal.plugins.selection:Requested authenticator webroot and installer None
2025-03-11 13:38:06,611:DEBUG:certbot._internal.plugins.selection:Single candidate plugin: * webroot
Description: Saves the necessary validation files to a .well-known/acme-challenge/ directory within the nominated webroot path. A seperate HTTP server must be running and serving files from the webroot path. HTTP challenge only (wildcards not supported).
Interfaces: Authenticator, Plugin
Entry point: EntryPoint(name='webroot', value='certbot._internal.plugins.webroot:Authenticator', group='certbot.plugins')
Initialized: <certbot._internal.plugins.webroot.Authenticator object at 0xe7d0eaef0d70>
Prep: True
2025-03-11 13:38:06,611:DEBUG:certbot._internal.plugins.selection:Selected authenticator <certbot._internal.plugins.webroot.Authenticator object at 0xe7d0eaef0d70> and installer None
2025-03-11 13:38:06,611:INFO:certbot._internal.plugins.selection:Plugins selected: Authenticator webroot, Installer None
2025-03-11 13:38:06,826:DEBUG:certbot._internal.main:Picked account: <Account(RegistrationResource(body=Registration(key=None, contact=(), agreement=None, status=None, terms_of_service_agreed=None, only_return_existing=None, external_account_binding=None), uri='https://acme-v02.api.letsencrypt.org/acme/acct/2275929076', new_authzr_uri=None, terms_of_service=None), 1f3191ab101f3cf4b3c66a6c300d25eb, Meta(creation_dt=datetime.datetime(2025, 3, 11, 19, 36, 56, tzinfo=<UTC>), creation_host='2414ad051622', register_to_eff=None))>
2025-03-11 13:38:06,827:DEBUG:acme.client:Sending GET request to https://acme-v02.api.letsencrypt.org/directory.
2025-03-11 13:38:06,828:DEBUG:urllib3.connectionpool:Starting new HTTPS connection (1): acme-v02.api.letsencrypt.org:443
2025-03-11 13:38:06,894:DEBUG:urllib3.connectionpool:https://acme-v02.api.letsencrypt.org:443 "GET /directory HTTP/1.1" 200 1042
2025-03-11 13:38:06,895:DEBUG:acme.client:Received response:
HTTP 200
Server: nginx
Date: Tue, 11 Mar 2025 19:38:06 GMT
Content-Type: application/json
Content-Length: 1042
Connection: keep-alive
Cache-Control: public, max-age=0, no-cache
X-Frame-Options: DENY
Strict-Transport-Security: max-age=604800

{
  "b1QSd1-f2eY": "https://community.letsencrypt.org/t/adding-random-entries-to-the-directory/33417",
  "keyChange": "https://acme-v02.api.letsencrypt.org/acme/key-change",
  "meta": {
    "caaIdentities": [
      "letsencrypt.org"
    ],
    "profiles": {
      "classic": "https://letsencrypt.org/docs/profiles#classic",
      "shortlived": "https://letsencrypt.org/docs/profiles#shortlived (not yet generally available)",
      "tlsserver": "https://letsencrypt.org/docs/profiles#tlsserver (not yet generally available)"
    },
    "termsOfService": "https://letsencrypt.org/documents/LE-SA-v1.5-February-24-2025.pdf",
    "website": "https://letsencrypt.org"
  },
  "newAccount": "https://acme-v02.api.letsencrypt.org/acme/new-acct",
  "newNonce": "https://acme-v02.api.letsencrypt.org/acme/new-nonce",
  "newOrder": "https://acme-v02.api.letsencrypt.org/acme/new-order",
  "renewalInfo": "https://acme-v02.api.letsencrypt.org/draft-ietf-acme-ari-03/renewalInfo",
  "revokeCert": "https://acme-v02.api.letsencrypt.org/acme/revoke-cert"
}
2025-03-11 13:38:06,896:DEBUG:certbot._internal.display.obj:Notifying user: Requesting a certificate for braisenly.com and lukezautke.com
2025-03-11 13:38:06,899:DEBUG:acme.client:Requesting fresh nonce
2025-03-11 13:38:06,899:DEBUG:acme.client:Sending HEAD request to https://acme-v02.api.letsencrypt.org/acme/new-nonce.
2025-03-11 13:38:06,921:DEBUG:urllib3.connectionpool:https://acme-v02.api.letsencrypt.org:443 "HEAD /acme/new-nonce HTTP/1.1" 200 0
2025-03-11 13:38:06,921:DEBUG:acme.client:Received response:
HTTP 200
Server: nginx
Date: Tue, 11 Mar 2025 19:38:06 GMT
Connection: keep-alive
Cache-Control: public, max-age=0, no-cache
Link: <https://acme-v02.api.letsencrypt.org/directory>;rel="index"
Replay-Nonce: jbMTOee8myWEPxCi3QNIz52_KDwOYwZk5JEjjxkget5Sn4g_IEc
X-Frame-Options: DENY
Strict-Transport-Security: max-age=604800


2025-03-11 13:38:06,921:DEBUG:acme.client:Storing nonce: jbMTOee8myWEPxCi3QNIz52_KDwOYwZk5JEjjxkget5Sn4g_IEc
2025-03-11 13:38:06,922:DEBUG:acme.client:JWS payload:
b'{\n  "identifiers": [\n    {\n      "type": "dns",\n      "value": "braisenly.com"\n    },\n    {\n      "type": "dns",\n      "value": "lukezautke.com"\n    }\n  ]\n}'
2025-03-11 13:38:06,927:DEBUG:acme.client:Sending POST request to https://acme-v02.api.letsencrypt.org/acme/new-order:
{
  "protected": "eyJhbGciOiAiUlMyNTYiLCAia2lkIjogImh0dHBzOi8vYWNtZS12MDIuYXBpLmxldHNlbmNyeXB0Lm9yZy9hY21lL2FjY3QvMjI3NTkyOTA3NiIsICJub25jZSI6ICJqYk1UT2VlOG15V0VQeENpM1FOSXo1Ml9LRHdPWXdaazVKRWpqeGtnZXQ1U240Z19JRWMiLCAidXJsIjogImh0dHBzOi8vYWNtZS12MDIuYXBpLmxldHNlbmNyeXB0Lm9yZy9hY21lL25ldy1vcmRlciJ9",
  "signature": "vi3EX5l2df6wQ85tIXFeD3tN9irAwJFfUaH5_E5fF-7wbs0NwKmEbFN7POuvgLE7_Kal0mCVXO1LmoNDTz_3i5yhTxXbxx2UGqKAIqs31Y_XwabszkXS-aJbc22D7LOad7jdztFZpVOX9y2bBfQw-9xnGZrAln4_YeEybu2pwFtNErx0qCklZtpnK-vzWMYySYpl5DRN9K-GdBbe-C2BqzzTKE0QZRVNKDR21sIQW79SrM61wtcAoTCUXZ0t1T-CCCzEq90LjnOs4PYAixT_QXWa2dRxe_sy6zZFc0vKDjL-8RTvuD_zemd26kj6XHunKZrFR82wEw_3qw3Yb5uJIw",
  "payload": "ewogICJpZGVudGlmaWVycyI6IFsKICAgIHsKICAgICAgInR5cGUiOiAiZG5zIiwKICAgICAgInZhbHVlIjogImJyYWlzZW5seS5jb20iCiAgICB9LAogICAgewogICAgICAidHlwZSI6ICJkbnMiLAogICAgICAidmFsdWUiOiAibHVrZXphdXRrZS5jb20iCiAgICB9CiAgXQp9"
}
2025-03-11 13:38:06,968:DEBUG:urllib3.connectionpool:https://acme-v02.api.letsencrypt.org:443 "POST /acme/new-order HTTP/1.1" 429 295
2025-03-11 13:38:06,968:DEBUG:acme.client:Received response:
HTTP 429
Server: nginx
Date: Tue, 11 Mar 2025 19:38:06 GMT
Content-Type: application/problem+json
Content-Length: 295
Connection: keep-alive
Boulder-Requester: 2275929076
Cache-Control: public, max-age=0, no-cache
Link: <https://acme-v02.api.letsencrypt.org/directory>;rel="index", <https://letsencrypt.org/docs/rate-limits>;rel="help"
Replay-Nonce: jbMTOee8HFkuhpnclF1oKcDQFQLDnPQBy3SK3NPVCLleejo21Tg
Retry-After: 665

{
  "type": "urn:ietf:params:acme:error:rateLimited",
  "detail": "too many failed authorizations (5) for \"lukezautke.com\" in the last 1h0m0s, retry after 2025-03-11 19:49:12 UTC: see https://letsencrypt.org/docs/rate-limits/#authorization-failures-per-hostname-per-account",
  "status": 429
}
2025-03-11 13:38:06,969:DEBUG:certbot._internal.log:Exiting abnormally:
Traceback (most recent call last):
  File "/usr/bin/certbot", line 8, in <module>
    sys.exit(main())
             ^^^^^^
  File "/usr/lib/python3.12/site-packages/certbot/main.py", line 19, in main
    return internal_main.main(cli_args)
           ^^^^^^^^^^^^^^^^^^^^^^^^^^^^
  File "/usr/lib/python3.12/site-packages/certbot/_internal/main.py", line 1894, in main
    return config.func(config, plugins)
           ^^^^^^^^^^^^^^^^^^^^^^^^^^^^
  File "/usr/lib/python3.12/site-packages/certbot/_internal/main.py", line 1600, in certonly
    lineage = _get_and_save_cert(le_client, config, domains, certname, lineage)
              ^^^^^^^^^^^^^^^^^^^^^^^^^^^^^^^^^^^^^^^^^^^^^^^^^^^^^^^^^^^^^^^^^
  File "/usr/lib/python3.12/site-packages/certbot/_internal/main.py", line 143, in _get_and_save_cert
    lineage = le_client.obtain_and_enroll_certificate(domains, certname)
              ^^^^^^^^^^^^^^^^^^^^^^^^^^^^^^^^^^^^^^^^^^^^^^^^^^^^^^^^^^
  File "/usr/lib/python3.12/site-packages/certbot/_internal/client.py", line 517, in obtain_and_enroll_certificate
    cert, chain, key, _ = self.obtain_certificate(domains)
                          ^^^^^^^^^^^^^^^^^^^^^^^^^^^^^^^^
  File "/usr/lib/python3.12/site-packages/certbot/_internal/client.py", line 428, in obtain_certificate
    orderr = self._get_order_and_authorizations(csr.data, self.config.allow_subset_of_names)
             ^^^^^^^^^^^^^^^^^^^^^^^^^^^^^^^^^^^^^^^^^^^^^^^^^^^^^^^^^^^^^^^^^^^^^^^^^^^^^^^
  File "/usr/lib/python3.12/site-packages/certbot/_internal/client.py", line 478, in _get_order_and_authorizations
    orderr = self.acme.new_order(csr_pem)
             ^^^^^^^^^^^^^^^^^^^^^^^^^^^^
  File "/usr/lib/python3.12/site-packages/acme/client.py", line 137, in new_order
    response = self._post(self.directory['newOrder'], order)
               ^^^^^^^^^^^^^^^^^^^^^^^^^^^^^^^^^^^^^^^^^^^^^
  File "/usr/lib/python3.12/site-packages/acme/client.py", line 365, in _post
    return self.net.post(*args, **kwargs)
           ^^^^^^^^^^^^^^^^^^^^^^^^^^^^^^
  File "/usr/lib/python3.12/site-packages/acme/client.py", line 738, in post
    return self._post_once(*args, **kwargs)
           ^^^^^^^^^^^^^^^^^^^^^^^^^^^^^^^^
  File "/usr/lib/python3.12/site-packages/acme/client.py", line 751, in _post_once
    response = self._check_response(response, content_type=content_type)
               ^^^^^^^^^^^^^^^^^^^^^^^^^^^^^^^^^^^^^^^^^^^^^^^^^^^^^^^^^
  File "/usr/lib/python3.12/site-packages/acme/client.py", line 602, in _check_response
    raise messages.Error.from_json(jobj)
acme.messages.Error: urn:ietf:params:acme:error:rateLimited :: There were too many requests of a given type :: too many failed authorizations (5) for "lukezautke.com" in the last 1h0m0s, retry after 2025-03-11 19:49:12 UTC: see https://letsencrypt.org/docs/rate-limits/#authorization-failures-per-hostname-per-account
2025-03-11 13:38:06,972:ERROR:certbot._internal.log:An unexpected error occurred:
2025-03-11 13:38:06,972:ERROR:certbot._internal.log:too many failed authorizations (5) for "lukezautke.com" in the last 1h0m0s, retry after 2025-03-11 19:49:12 UTC: see https://letsencrypt.org/docs/rate-limits/#authorization-failures-per-hostname-per-account
